<?xml version="1.0" encoding="UTF-8"?>
<coverage generated="1702057958703" clover="3.2.0">
  <project timestamp="1702057958703" name="All files">
    <metrics statements="41" coveredstatements="34" conditionals="4" coveredconditionals="2" methods="16" coveredmethods="11" elements="61" coveredelements="47" complexity="0" loc="41" ncloc="41" packages="1" files="4" classes="4"/>
    <file name="dbTest.js" path="/Users/camie/Desktop/Fall 2023/CSC 307/MyToDo/packages/express-backend/Models/dbTest.js">
      <metrics statements="13" coveredstatements="13" conditionals="4" coveredconditionals="2" methods="3" coveredmethods="3"/>
      <line num="4" count="1" type="stmt"/>
      <line num="7" count="1" type="stmt"/>
      <line num="8" count="1" type="stmt"/>
      <line num="10" count="1" type="stmt"/>
      <line num="16" count="1" type="cond" truecount="1" falsecount="1"/>
      <line num="17" count="1" type="stmt"/>
      <line num="18" count="1" type="stmt"/>
      <line num="19" count="1" type="stmt"/>
      <line num="24" count="3" type="cond" truecount="1" falsecount="1"/>
      <line num="25" count="3" type="stmt"/>
      <line num="27" count="3" type="stmt"/>
      <line num="28" count="6" type="stmt"/>
      <line num="29" count="6" type="stmt"/>
    </file>
    <file name="toDoList-services.js" path="/Users/camie/Desktop/Fall 2023/CSC 307/MyToDo/packages/express-backend/Models/toDoList-services.js">
      <metrics statements="19" coveredstatements="12" conditionals="0" coveredconditionals="0" methods="12" coveredmethods="7"/>
      <line num="8" count="1" type="stmt"/>
      <line num="10" count="1" type="stmt"/>
      <line num="12" count="1" type="stmt"/>
      <line num="24" count="1" type="stmt"/>
      <line num="28" count="1" type="stmt"/>
      <line num="32" count="1" type="stmt"/>
      <line num="36" count="9" type="stmt"/>
      <line num="37" count="9" type="stmt"/>
      <line num="38" count="9" type="stmt"/>
      <line num="42" count="1" type="stmt"/>
      <line num="46" count="4" type="stmt"/>
      <line num="50" count="0" type="stmt"/>
      <line num="54" count="0" type="stmt"/>
      <line num="58" count="0" type="stmt"/>
      <line num="62" count="1" type="stmt"/>
      <line num="69" count="0" type="stmt"/>
      <line num="70" count="0" type="stmt"/>
      <line num="71" count="0" type="stmt"/>
      <line num="75" count="0" type="stmt"/>
    </file>
    <file name="toDoList.js" path="/Users/camie/Desktop/Fall 2023/CSC 307/MyToDo/packages/express-backend/Models/toDoList.js">
      <metrics statements="6" coveredstatements="6" conditionals="0" coveredconditionals="0" methods="1" coveredmethods="1"/>
      <line num="3" count="1" type="stmt"/>
      <line num="5" count="1" type="stmt"/>
      <line num="19" count="3" type="stmt"/>
      <line num="20" count="3" type="stmt"/>
      <line num="21" count="3" type="stmt"/>
      <line num="51" count="1" type="stmt"/>
    </file>
    <file name="users.js" path="/Users/camie/Desktop/Fall 2023/CSC 307/MyToDo/packages/express-backend/Models/users.js">
      <metrics statements="3" coveredstatements="3" conditionals="0" coveredconditionals="0" methods="0" coveredmethods="0"/>
      <line num="3" count="1" type="stmt"/>
      <line num="5" count="1" type="stmt"/>
      <line num="20" count="1" type="stmt"/>
    </file>
  </project>
</coverage>
