{
  "/Users/camie/Desktop/Fall 2023/CSC 307/MyToDo/packages/express-backend/Models/dbTest.js": {
    "path": "/Users/camie/Desktop/Fall 2023/CSC 307/MyToDo/packages/express-backend/Models/dbTest.js",
    "statementMap": {
      "0": {
        "start": { "line": 4, "column": 12 },
        "end": { "line": 4, "column": 21 }
      },
      "1": {
        "start": { "line": 7, "column": 4 },
        "end": { "line": 7, "column": 45 }
      },
      "2": {
        "start": { "line": 8, "column": 16 },
        "end": { "line": 8, "column": 30 }
      },
      "3": {
        "start": { "line": 10, "column": 4 },
        "end": { "line": 12, "column": 7 }
      },
      "4": {
        "start": { "line": 16, "column": 4 },
        "end": { "line": 20, "column": 5 }
      },
      "5": {
        "start": { "line": 17, "column": 8 },
        "end": { "line": 17, "column": 49 }
      },
      "6": {
        "start": { "line": 18, "column": 8 },
        "end": { "line": 18, "column": 42 }
      },
      "7": {
        "start": { "line": 19, "column": 8 },
        "end": { "line": 19, "column": 27 }
      },
      "8": {
        "start": { "line": 24, "column": 4 },
        "end": { "line": 31, "column": 5 }
      },
      "9": {
        "start": { "line": 25, "column": 28 },
        "end": { "line": 25, "column": 59 }
      },
      "10": {
        "start": { "line": 27, "column": 8 },
        "end": { "line": 30, "column": 9 }
      },
      "11": {
        "start": { "line": 28, "column": 31 },
        "end": { "line": 28, "column": 47 }
      },
      "12": {
        "start": { "line": 29, "column": 12 },
        "end": { "line": 29, "column": 42 }
      }
    },
    "fnMap": {
      "0": {
        "name": "setUp",
        "decl": {
          "start": { "line": 6, "column": 15 },
          "end": { "line": 6, "column": 20 }
        },
        "loc": {
          "start": { "line": 6, "column": 22 },
          "end": { "line": 13, "column": 1 }
        },
        "line": 6
      },
      "1": {
        "name": "dropDatabase",
        "decl": {
          "start": { "line": 15, "column": 15 },
          "end": { "line": 15, "column": 27 }
        },
        "loc": {
          "start": { "line": 15, "column": 29 },
          "end": { "line": 21, "column": 1 }
        },
        "line": 15
      },
      "2": {
        "name": "dropCollections",
        "decl": {
          "start": { "line": 23, "column": 15 },
          "end": { "line": 23, "column": 30 }
        },
        "loc": {
          "start": { "line": 23, "column": 32 },
          "end": { "line": 32, "column": 1 }
        },
        "line": 23
      }
    },
    "branchMap": {
      "0": {
        "loc": {
          "start": { "line": 16, "column": 4 },
          "end": { "line": 20, "column": 5 }
        },
        "type": "if",
        "locations": [
          {
            "start": { "line": 16, "column": 4 },
            "end": { "line": 20, "column": 5 }
          },
          { "start": {}, "end": {} }
        ],
        "line": 16
      },
      "1": {
        "loc": {
          "start": { "line": 24, "column": 4 },
          "end": { "line": 31, "column": 5 }
        },
        "type": "if",
        "locations": [
          {
            "start": { "line": 24, "column": 4 },
            "end": { "line": 31, "column": 5 }
          },
          { "start": {}, "end": {} }
        ],
        "line": 24
      }
    },
    "s": {
      "0": 1,
      "1": 1,
      "2": 1,
      "3": 1,
      "4": 1,
      "5": 1,
      "6": 1,
      "7": 1,
      "8": 3,
      "9": 3,
      "10": 3,
      "11": 6,
      "12": 6
    },
    "f": { "0": 1, "1": 1, "2": 3 },
    "b": { "0": [1, 0], "1": [3, 0] },
    "inputSourceMap": null,
    "_coverageSchema": "1a1c01bbd47fc00a2c39e90264f33305004495a9",
    "hash": "5200d36fffa41d0186b9ea30f83efe150319b78b"
  },
  "/Users/camie/Desktop/Fall 2023/CSC 307/MyToDo/packages/express-backend/Models/toDoList-services.js": {
    "path": "/Users/camie/Desktop/Fall 2023/CSC 307/MyToDo/packages/express-backend/Models/toDoList-services.js",
    "statementMap": {
      "0": {
        "start": { "line": 8, "column": 0 },
        "end": { "line": 8, "column": 16 }
      },
      "1": {
        "start": { "line": 10, "column": 0 },
        "end": { "line": 10, "column": 28 }
      },
      "2": {
        "start": { "line": 12, "column": 0 },
        "end": { "line": 12, "column": 33 }
      },
      "3": {
        "start": { "line": 24, "column": 2 },
        "end": { "line": 24, "column": 43 }
      },
      "4": {
        "start": { "line": 28, "column": 2 },
        "end": { "line": 28, "column": 45 }
      },
      "5": {
        "start": { "line": 32, "column": 2 },
        "end": { "line": 32, "column": 43 }
      },
      "6": {
        "start": { "line": 36, "column": 20 },
        "end": { "line": 36, "column": 39 }
      },
      "7": {
        "start": { "line": 37, "column": 18 },
        "end": { "line": 37, "column": 34 }
      },
      "8": {
        "start": { "line": 38, "column": 2 },
        "end": { "line": 38, "column": 17 }
      },
      "9": {
        "start": { "line": 42, "column": 2 },
        "end": { "line": 42, "column": 45 }
      },
      "10": {
        "start": { "line": 46, "column": 2 },
        "end": { "line": 46, "column": 43 }
      },
      "11": {
        "start": { "line": 50, "column": 2 },
        "end": { "line": 50, "column": 34 }
      },
      "12": {
        "start": { "line": 54, "column": 2 },
        "end": { "line": 54, "column": 59 }
      },
      "13": {
        "start": { "line": 58, "column": 2 },
        "end": { "line": 58, "column": 37 }
      },
      "14": {
        "start": { "line": 62, "column": 2 },
        "end": { "line": 64, "column": 5 }
      },
      "15": {
        "start": { "line": 69, "column": 20 },
        "end": { "line": 69, "column": 35 }
      },
      "16": {
        "start": { "line": 70, "column": 18 },
        "end": { "line": 70, "column": 34 }
      },
      "17": {
        "start": { "line": 71, "column": 2 },
        "end": { "line": 71, "column": 17 }
      },
      "18": {
        "start": { "line": 75, "column": 2 },
        "end": { "line": 75, "column": 22 }
      }
    },
    "fnMap": {
      "0": {
        "name": "sortToDoByDate",
        "decl": {
          "start": { "line": 23, "column": 9 },
          "end": { "line": 23, "column": 23 }
        },
        "loc": {
          "start": { "line": 23, "column": 26 },
          "end": { "line": 25, "column": 1 }
        },
        "line": 23
      },
      "1": {
        "name": "filterPriorityTasks",
        "decl": {
          "start": { "line": 27, "column": 9 },
          "end": { "line": 27, "column": 28 }
        },
        "loc": {
          "start": { "line": 27, "column": 36 },
          "end": { "line": 29, "column": 1 }
        },
        "line": 27
      },
      "2": {
        "name": "filterCategoryTasks",
        "decl": {
          "start": { "line": 31, "column": 9 },
          "end": { "line": 31, "column": 28 }
        },
        "loc": {
          "start": { "line": 31, "column": 34 },
          "end": { "line": 33, "column": 1 }
        },
        "line": 31
      },
      "3": {
        "name": "addTask",
        "decl": {
          "start": { "line": 35, "column": 9 },
          "end": { "line": 35, "column": 16 }
        },
        "loc": {
          "start": { "line": 35, "column": 23 },
          "end": { "line": 39, "column": 1 }
        },
        "line": 35
      },
      "4": {
        "name": "deleteTask",
        "decl": {
          "start": { "line": 41, "column": 9 },
          "end": { "line": 41, "column": 19 }
        },
        "loc": {
          "start": { "line": 41, "column": 28 },
          "end": { "line": 43, "column": 1 }
        },
        "line": 41
      },
      "5": {
        "name": "getTasks",
        "decl": {
          "start": { "line": 45, "column": 9 },
          "end": { "line": 45, "column": 17 }
        },
        "loc": {
          "start": { "line": 45, "column": 20 },
          "end": { "line": 47, "column": 1 }
        },
        "line": 45
      },
      "6": {
        "name": "getuserName",
        "decl": {
          "start": { "line": 49, "column": 9 },
          "end": { "line": 49, "column": 20 }
        },
        "loc": {
          "start": { "line": 49, "column": 25 },
          "end": { "line": 51, "column": 1 }
        },
        "line": 49
      },
      "7": {
        "name": "getTasksWID",
        "decl": {
          "start": { "line": 53, "column": 9 },
          "end": { "line": 53, "column": 20 }
        },
        "loc": {
          "start": { "line": 53, "column": 29 },
          "end": { "line": 55, "column": 1 }
        },
        "line": 53
      },
      "8": {
        "name": "findTaskById",
        "decl": {
          "start": { "line": 57, "column": 9 },
          "end": { "line": 57, "column": 21 }
        },
        "loc": {
          "start": { "line": 57, "column": 26 },
          "end": { "line": 59, "column": 1 }
        },
        "line": 57
      },
      "9": {
        "name": "updateTask",
        "decl": {
          "start": { "line": 61, "column": 9 },
          "end": { "line": 61, "column": 19 }
        },
        "loc": {
          "start": { "line": 61, "column": 41 },
          "end": { "line": 65, "column": 1 }
        },
        "line": 61
      },
      "10": {
        "name": "addUser",
        "decl": {
          "start": { "line": 68, "column": 9 },
          "end": { "line": 68, "column": 16 }
        },
        "loc": {
          "start": { "line": 68, "column": 23 },
          "end": { "line": 72, "column": 1 }
        },
        "line": 68
      },
      "11": {
        "name": "getUsers",
        "decl": {
          "start": { "line": 74, "column": 9 },
          "end": { "line": 74, "column": 17 }
        },
        "loc": {
          "start": { "line": 74, "column": 20 },
          "end": { "line": 76, "column": 1 }
        },
        "line": 74
      }
    },
    "branchMap": {},
    "s": {
      "0": 1,
      "1": 1,
      "2": 1,
      "3": 1,
      "4": 1,
      "5": 1,
      "6": 9,
      "7": 9,
      "8": 9,
      "9": 1,
      "10": 4,
      "11": 0,
      "12": 0,
      "13": 0,
      "14": 1,
      "15": 0,
      "16": 0,
      "17": 0,
      "18": 0
    },
    "f": {
      "0": 1,
      "1": 1,
      "2": 1,
      "3": 9,
      "4": 1,
      "5": 4,
      "6": 0,
      "7": 0,
      "8": 0,
      "9": 1,
      "10": 0,
      "11": 0
    },
    "b": {},
    "inputSourceMap": null,
    "_coverageSchema": "1a1c01bbd47fc00a2c39e90264f33305004495a9",
    "hash": "13c9a3e680e01115de4b286add9e29d5a7014edd"
  },
  "/Users/camie/Desktop/Fall 2023/CSC 307/MyToDo/packages/express-backend/Models/toDoList.js": {
    "path": "/Users/camie/Desktop/Fall 2023/CSC 307/MyToDo/packages/express-backend/Models/toDoList.js",
    "statementMap": {
      "0": {
        "start": { "line": 3, "column": 19 },
        "end": { "line": 3, "column": 27 }
      },
      "1": {
        "start": { "line": 5, "column": 19 },
        "end": { "line": 49, "column": 1 }
      },
      "2": {
        "start": { "line": 19, "column": 28 },
        "end": { "line": 19, "column": 38 }
      },
      "3": {
        "start": { "line": 20, "column": 8 },
        "end": { "line": 20, "column": 41 }
      },
      "4": {
        "start": { "line": 21, "column": 8 },
        "end": { "line": 21, "column": 27 }
      },
      "5": {
        "start": { "line": 51, "column": 18 },
        "end": { "line": 51, "column": 56 }
      }
    },
    "fnMap": {
      "0": {
        "name": "(anonymous_0)",
        "decl": {
          "start": { "line": 18, "column": 15 },
          "end": { "line": 18, "column": 16 }
        },
        "loc": {
          "start": { "line": 18, "column": 21 },
          "end": { "line": 22, "column": 7 }
        },
        "line": 18
      }
    },
    "branchMap": {},
    "s": { "0": 1, "1": 1, "2": 3, "3": 3, "4": 3, "5": 1 },
    "f": { "0": 3 },
    "b": {},
    "inputSourceMap": null,
    "_coverageSchema": "1a1c01bbd47fc00a2c39e90264f33305004495a9",
    "hash": "3e484fe6631222073ee42b2046a7f499fce48794"
  },
  "/Users/camie/Desktop/Fall 2023/CSC 307/MyToDo/packages/express-backend/Models/users.js": {
    "path": "/Users/camie/Desktop/Fall 2023/CSC 307/MyToDo/packages/express-backend/Models/users.js",
    "statementMap": {
      "0": {
        "start": { "line": 3, "column": 19 },
        "end": { "line": 3, "column": 27 }
      },
      "1": {
        "start": { "line": 5, "column": 19 },
        "end": { "line": 18, "column": 1 }
      },
      "2": {
        "start": { "line": 20, "column": 14 },
        "end": { "line": 20, "column": 49 }
      }
    },
    "fnMap": {},
    "branchMap": {},
    "s": { "0": 1, "1": 1, "2": 1 },
    "f": {},
    "b": {},
    "inputSourceMap": null,
    "_coverageSchema": "1a1c01bbd47fc00a2c39e90264f33305004495a9",
    "hash": "3fb1819019812995043e07d68458259d7d83d708"
  }
}
