{"/Users/camie/Desktop/Fall 2023/CSC 307/MyToDo/packages/express-backend/Models/dbTest.js": {"path":"/Users/camie/Desktop/Fall 2023/CSC 307/MyToDo/packages/express-backend/Models/dbTest.js","statementMap":{"0":{"start":{"line":4,"column":12},"end":{"line":4,"column":21}},"1":{"start":{"line":7,"column":4},"end":{"line":7,"column":45}},"2":{"start":{"line":8,"column":16},"end":{"line":8,"column":30}},"3":{"start":{"line":10,"column":4},"end":{"line":12,"column":7}},"4":{"start":{"line":16,"column":4},"end":{"line":20,"column":5}},"5":{"start":{"line":17,"column":8},"end":{"line":17,"column":49}},"6":{"start":{"line":18,"column":8},"end":{"line":18,"column":42}},"7":{"start":{"line":19,"column":8},"end":{"line":19,"column":27}},"8":{"start":{"line":24,"column":4},"end":{"line":31,"column":5}},"9":{"start":{"line":25,"column":28},"end":{"line":25,"column":59}},"10":{"start":{"line":27,"column":8},"end":{"line":30,"column":9}},"11":{"start":{"line":28,"column":31},"end":{"line":28,"column":47}},"12":{"start":{"line":29,"column":12},"end":{"line":29,"column":42}}},"fnMap":{"0":{"name":"setUp","decl":{"start":{"line":6,"column":15},"end":{"line":6,"column":20}},"loc":{"start":{"line":6,"column":22},"end":{"line":13,"column":1}},"line":6},"1":{"name":"dropDatabase","decl":{"start":{"line":15,"column":15},"end":{"line":15,"column":27}},"loc":{"start":{"line":15,"column":29},"end":{"line":21,"column":1}},"line":15},"2":{"name":"dropCollections","decl":{"start":{"line":23,"column":15},"end":{"line":23,"column":30}},"loc":{"start":{"line":23,"column":32},"end":{"line":32,"column":1}},"line":23}},"branchMap":{"0":{"loc":{"start":{"line":16,"column":4},"end":{"line":20,"column":5}},"type":"if","locations":[{"start":{"line":16,"column":4},"end":{"line":20,"column":5}},{"start":{},"end":{}}],"line":16},"1":{"loc":{"start":{"line":24,"column":4},"end":{"line":31,"column":5}},"type":"if","locations":[{"start":{"line":24,"column":4},"end":{"line":31,"column":5}},{"start":{},"end":{}}],"line":24}},"s":{"0":1,"1":1,"2":1,"3":1,"4":1,"5":1,"6":1,"7":1,"8":3,"9":3,"10":3,"11":6,"12":6},"f":{"0":1,"1":1,"2":3},"b":{"0":[1,0],"1":[3,0]},"inputSourceMap":null,"_coverageSchema":"1a1c01bbd47fc00a2c39e90264f33305004495a9","hash":"5200d36fffa41d0186b9ea30f83efe150319b78b"}
,"/Users/camie/Desktop/Fall 2023/CSC 307/MyToDo/packages/express-backend/Models/toDoList-services.js": {"path":"/Users/camie/Desktop/Fall 2023/CSC 307/MyToDo/packages/express-backend/Models/toDoList-services.js","statementMap":{"0":{"start":{"line":9,"column":0},"end":{"line":9,"column":16}},"1":{"start":{"line":11,"column":0},"end":{"line":11,"column":28}},"2":{"start":{"line":13,"column":0},"end":{"line":13,"column":33}},"3":{"start":{"line":24,"column":2},"end":{"line":24,"column":50}},"4":{"start":{"line":28,"column":2},"end":{"line":28,"column":52}},"5":{"start":{"line":32,"column":2},"end":{"line":32,"column":50}},"6":{"start":{"line":36,"column":20},"end":{"line":36,"column":46}},"7":{"start":{"line":37,"column":18},"end":{"line":37,"column":34}},"8":{"start":{"line":38,"column":2},"end":{"line":38,"column":17}},"9":{"start":{"line":42,"column":2},"end":{"line":42,"column":52}},"10":{"start":{"line":46,"column":2},"end":{"line":46,"column":50}},"11":{"start":{"line":50,"column":2},"end":{"line":50,"column":44}},"12":{"start":{"line":54,"column":2},"end":{"line":60,"column":4}}},"fnMap":{"0":{"name":"sortToDoByDate","decl":{"start":{"line":23,"column":9},"end":{"line":23,"column":23}},"loc":{"start":{"line":23,"column":30},"end":{"line":25,"column":1}},"line":23},"1":{"name":"filterPriorityTasks","decl":{"start":{"line":27,"column":9},"end":{"line":27,"column":28}},"loc":{"start":{"line":27,"column":36},"end":{"line":29,"column":1}},"line":27},"2":{"name":"filterCategoryTasks","decl":{"start":{"line":31,"column":9},"end":{"line":31,"column":28}},"loc":{"start":{"line":31,"column":34},"end":{"line":33,"column":1}},"line":31},"3":{"name":"addTask","decl":{"start":{"line":35,"column":9},"end":{"line":35,"column":16}},"loc":{"start":{"line":35,"column":23},"end":{"line":39,"column":1}},"line":35},"4":{"name":"deleteTask","decl":{"start":{"line":41,"column":9},"end":{"line":41,"column":19}},"loc":{"start":{"line":41,"column":28},"end":{"line":43,"column":1}},"line":41},"5":{"name":"getTasks","decl":{"start":{"line":45,"column":9},"end":{"line":45,"column":17}},"loc":{"start":{"line":45,"column":20},"end":{"line":47,"column":1}},"line":45},"6":{"name":"findTaskById","decl":{"start":{"line":49,"column":9},"end":{"line":49,"column":21}},"loc":{"start":{"line":49,"column":26},"end":{"line":51,"column":1}},"line":49},"7":{"name":"updateTask","decl":{"start":{"line":53,"column":9},"end":{"line":53,"column":19}},"loc":{"start":{"line":53,"column":41},"end":{"line":61,"column":1}},"line":53}},"branchMap":{},"s":{"0":1,"1":1,"2":1,"3":1,"4":1,"5":1,"6":9,"7":9,"8":9,"9":1,"10":4,"11":1,"12":1},"f":{"0":1,"1":1,"2":1,"3":9,"4":1,"5":4,"6":1,"7":1},"b":{},"inputSourceMap":null,"_coverageSchema":"1a1c01bbd47fc00a2c39e90264f33305004495a9","hash":"6531ffba918a46d4e3328d1e352f1478df28eeb1"}
,"/Users/camie/Desktop/Fall 2023/CSC 307/MyToDo/packages/express-backend/Models/toDoList.js": {"path":"/Users/camie/Desktop/Fall 2023/CSC 307/MyToDo/packages/express-backend/Models/toDoList.js","statementMap":{"0":{"start":{"line":3,"column":19},"end":{"line":3,"column":27}},"1":{"start":{"line":5,"column":19},"end":{"line":55,"column":1}},"2":{"start":{"line":19,"column":28},"end":{"line":19,"column":38}},"3":{"start":{"line":20,"column":8},"end":{"line":20,"column":41}},"4":{"start":{"line":21,"column":8},"end":{"line":21,"column":27}},"5":{"start":{"line":47,"column":30},"end":{"line":47,"column":40}},"6":{"start":{"line":48,"column":10},"end":{"line":48,"column":56}},"7":{"start":{"line":57,"column":19},"end":{"line":70,"column":1}},"8":{"start":{"line":72,"column":13},"end":{"line":72,"column":51}},"9":{"start":{"line":73,"column":14},"end":{"line":73,"column":52}}},"fnMap":{"0":{"name":"(anonymous_0)","decl":{"start":{"line":18,"column":15},"end":{"line":18,"column":16}},"loc":{"start":{"line":18,"column":21},"end":{"line":22,"column":7}},"line":18},"1":{"name":"(anonymous_1)","decl":{"start":{"line":46,"column":8},"end":{"line":46,"column":9}},"loc":{"start":{"line":46,"column":14},"end":{"line":49,"column":9}},"line":46}},"branchMap":{"0":{"loc":{"start":{"line":48,"column":17},"end":{"line":48,"column":55}},"type":"binary-expr","locations":[{"start":{"line":48,"column":17},"end":{"line":48,"column":29}},{"start":{"line":48,"column":33},"end":{"line":48,"column":55}}],"line":48}},"s":{"0":1,"1":1,"2":3,"3":3,"4":3,"5":1,"6":1,"7":1,"8":1,"9":1},"f":{"0":3,"1":1},"b":{"0":[1,1]},"inputSourceMap":null,"_coverageSchema":"1a1c01bbd47fc00a2c39e90264f33305004495a9","hash":"cdc484d2fb7bf744cc08323c3422b49f504e82e3"}
}
