TN:
SF:Models/dbTest.js
FN:6,setUp
FN:15,dropDatabase
FN:23,dropCollections
FNF:3
FNH:3
FNDA:1,setUp
FNDA:1,dropDatabase
FNDA:3,dropCollections
DA:4,1
DA:7,1
DA:8,1
DA:10,1
DA:16,1
DA:17,1
DA:18,1
DA:19,1
DA:24,3
DA:25,3
DA:27,3
DA:28,6
DA:29,6
LF:13
LH:13
BRDA:16,0,0,1
BRDA:16,0,1,0
BRDA:24,1,0,3
BRDA:24,1,1,0
BRF:4
BRH:2
end_of_record
TN:
SF:Models/toDoList-services.js
FN:23,sortToDoByDate
FN:27,filterPriorityTasks
FN:31,filterCategoryTasks
FN:35,addTask
FN:41,deleteTask
FN:45,getTasks
FN:49,findTaskById
FN:53,updateTask
FNF:8
FNH:8
FNDA:1,sortToDoByDate
FNDA:1,filterPriorityTasks
FNDA:1,filterCategoryTasks
FNDA:9,addTask
FNDA:1,deleteTask
FNDA:4,getTasks
FNDA:1,findTaskById
FNDA:1,updateTask
DA:9,1
DA:11,1
DA:13,1
DA:24,1
DA:28,1
DA:32,1
DA:36,9
DA:37,9
DA:38,9
DA:42,1
DA:46,4
DA:50,1
DA:54,1
LF:13
LH:13
BRF:0
BRH:0
end_of_record
TN:
SF:Models/toDoList.js
FN:18,(anonymous_0)
FN:46,(anonymous_1)
FNF:2
FNH:2
FNDA:3,(anonymous_0)
FNDA:1,(anonymous_1)
DA:3,1
DA:5,1
DA:19,3
DA:20,3
DA:21,3
DA:47,1
DA:48,1
DA:57,1
DA:72,1
DA:73,1
LF:10
LH:10
BRDA:48,0,0,1
BRDA:48,0,1,1
BRF:2
BRH:2
end_of_record
