TN:
SF:Models/dbTest.js
FN:6,setUp
FN:15,dropDatabase
FN:23,dropCollections
FNF:3
FNH:3
FNDA:1,setUp
FNDA:1,dropDatabase
FNDA:3,dropCollections
DA:4,1
DA:7,1
DA:8,1
DA:10,1
DA:16,1
DA:17,1
DA:18,1
DA:19,1
DA:24,3
DA:25,3
DA:27,3
DA:28,6
DA:29,6
LF:13
LH:13
BRDA:16,0,0,1
BRDA:16,0,1,0
BRDA:24,1,0,3
BRDA:24,1,1,0
BRF:4
BRH:2
end_of_record
TN:
SF:Models/toDoList-services.js
FN:23,sortToDoByDate
FN:27,filterPriorityTasks
FN:31,filterCategoryTasks
FN:35,addTask
FN:41,deleteTask
FN:45,getTasks
FN:49,getuserName
FN:53,getTasksWID
FN:57,findTaskById
FN:61,updateTask
FN:68,addUser
FN:74,getUsers
FNF:12
FNH:7
FNDA:1,sortToDoByDate
FNDA:1,filterPriorityTasks
FNDA:1,filterCategoryTasks
FNDA:9,addTask
FNDA:1,deleteTask
FNDA:4,getTasks
FNDA:0,getuserName
FNDA:0,getTasksWID
FNDA:0,findTaskById
FNDA:1,updateTask
FNDA:0,addUser
FNDA:0,getUsers
DA:8,1
DA:10,1
DA:12,1
DA:24,1
DA:28,1
DA:32,1
DA:36,9
DA:37,9
DA:38,9
DA:42,1
DA:46,4
DA:50,0
DA:54,0
DA:58,0
DA:62,1
DA:69,0
DA:70,0
DA:71,0
DA:75,0
LF:19
LH:12
BRF:0
BRH:0
end_of_record
TN:
SF:Models/toDoList.js
FN:18,(anonymous_0)
FNF:1
FNH:1
FNDA:3,(anonymous_0)
DA:3,1
DA:5,1
DA:19,3
DA:20,3
DA:21,3
DA:51,1
LF:6
LH:6
BRF:0
BRH:0
end_of_record
TN:
SF:Models/users.js
FNF:0
FNH:0
DA:3,1
DA:5,1
DA:20,1
LF:3
LH:3
BRF:0
BRH:0
end_of_record
